c:\users\students\desktop\mfcfigure\mfcfigure\debug\mfcfigure.pch
c:\users\students\desktop\mfcfigure\mfcfigure\debug\stdafx.obj
c:\users\students\desktop\mfcfigure\mfcfigure\debug\vc110.pdb
c:\users\students\desktop\mfcfigure\mfcfigure\debug\childview.obj
c:\users\students\desktop\mfcfigure\mfcfigure\debug\mainfrm.obj
c:\users\students\desktop\mfcfigure\mfcfigure\debug\mfcfigure.obj
c:\users\students\desktop\mfcfigure\mfcfigure\debug\my2dobjecta6.obj
c:\users\students\desktop\mfcfigure\mfcfigure\debug\my2dpoint.obj
c:\users\students\documents\stas\github\mfcfigure\mfcfigure\debug\mfcfigure.pch
c:\users\students\documents\stas\github\mfcfigure\mfcfigure\debug\stdafx.obj
c:\users\students\documents\stas\github\mfcfigure\mfcfigure\debug\vc110.pdb
c:\users\students\documents\stas\github\mfcfigure\mfcfigure\debug\childview.obj
c:\users\students\documents\stas\github\mfcfigure\mfcfigure\debug\mainfrm.obj
c:\users\students\documents\stas\github\mfcfigure\mfcfigure\debug\mfcfigure.obj
c:\users\students\documents\stas\github\mfcfigure\mfcfigure\debug\my2dobjecta6.obj
c:\users\students\documents\stas\github\mfcfigure\mfcfigure\debug\my2dpoint.obj
c:\users\students\desktop\mfcfigure\debug\mfcfigure.ilk
c:\users\students\desktop\mfcfigure\debug\mfcfigure.exe
c:\users\students\desktop\mfcfigure\debug\mfcfigure.pdb
c:\users\students\documents\stas\github\mfcfigure\debug\mfcfigure.ilk
c:\users\students\documents\stas\github\mfcfigure\debug\mfcfigure.exe
c:\users\students\documents\stas\github\mfcfigure\debug\mfcfigure.pdb
c:\users\students\desktop\mfcfigure\mfcfigure\debug\mfcfigure.res
c:\users\students\documents\stas\github\mfcfigure\mfcfigure\debug\mfcfigure.res
f:\users\stas\documents\github\mfcfigure\mfcfigure\debug\mfcfigure.pch
f:\users\stas\documents\github\mfcfigure\mfcfigure\debug\vc140.pdb
f:\users\stas\documents\github\mfcfigure\mfcfigure\debug\vc140.idb
f:\users\stas\documents\github\mfcfigure\mfcfigure\debug\stdafx.obj
f:\users\stas\documents\github\mfcfigure\mfcfigure\debug\childview.obj
f:\users\stas\documents\github\mfcfigure\mfcfigure\debug\dlgproperties.obj
f:\users\stas\documents\github\mfcfigure\mfcfigure\debug\mainfrm.obj
f:\users\stas\documents\github\mfcfigure\mfcfigure\debug\mfcfigure.obj
f:\users\stas\documents\github\mfcfigure\mfcfigure\debug\my2dobjecta6.obj
f:\users\stas\documents\github\mfcfigure\mfcfigure\debug\my2dpoint.obj
f:\users\stas\documents\github\mfcfigure\debug\mfcfigure.ilk
f:\users\stas\documents\github\mfcfigure\debug\mfcfigure.exe
f:\users\stas\documents\github\mfcfigure\debug\mfcfigure.pdb
f:\users\stas\documents\github\mfcfigure\mfcfigure\debug\mfcfigure.res
f:\users\stas\documents\github\mfcfigure\mfcfigure\debug\cl.command.1.tlog
f:\users\stas\documents\github\mfcfigure\mfcfigure\debug\cl.read.1.tlog
f:\users\stas\documents\github\mfcfigure\mfcfigure\debug\cl.write.1.tlog
f:\users\stas\documents\github\mfcfigure\mfcfigure\debug\link-cvtres.read.1.tlog
f:\users\stas\documents\github\mfcfigure\mfcfigure\debug\link-cvtres.write.1.tlog
f:\users\stas\documents\github\mfcfigure\mfcfigure\debug\link-mt.read.1.tlog
f:\users\stas\documents\github\mfcfigure\mfcfigure\debug\link-mt.write.1.tlog
f:\users\stas\documents\github\mfcfigure\mfcfigure\debug\link-rc.read.1.tlog
f:\users\stas\documents\github\mfcfigure\mfcfigure\debug\link-rc.write.1.tlog
f:\users\stas\documents\github\mfcfigure\mfcfigure\debug\link.command.1.tlog
f:\users\stas\documents\github\mfcfigure\mfcfigure\debug\link.read.1.tlog
f:\users\stas\documents\github\mfcfigure\mfcfigure\debug\link.write.1.tlog
f:\users\stas\documents\github\mfcfigure\mfcfigure\debug\rc.command.1.tlog
f:\users\stas\documents\github\mfcfigure\mfcfigure\debug\rc.read.1.tlog
f:\users\stas\documents\github\mfcfigure\mfcfigure\debug\rc.write.1.tlog
f:\users\stas\documents\github\mfcfigure\mfcfigure\debug\vc110.idb
f:\users\stas\documents\github\mfcfigure\mfcfigure\debug\vc110.pdb
f:\users\stas\documents\github\mfcfigure\mfcfigure\debug\mfcfigure.tlog\cl.command.1.tlog
f:\users\stas\documents\github\mfcfigure\mfcfigure\debug\mfcfigure.tlog\cl.read.1.tlog
f:\users\stas\documents\github\mfcfigure\mfcfigure\debug\mfcfigure.tlog\cl.write.1.tlog
f:\users\stas\documents\github\mfcfigure\mfcfigure\debug\mfcfigure.tlog\link.command.1.tlog
f:\users\stas\documents\github\mfcfigure\mfcfigure\debug\mfcfigure.tlog\link.read.1.tlog
f:\users\stas\documents\github\mfcfigure\mfcfigure\debug\mfcfigure.tlog\link.write.1.tlog
f:\users\stas\documents\github\mfcfigure\mfcfigure\debug\mfcfigure.tlog\rc.command.1.tlog
f:\users\stas\documents\github\mfcfigure\mfcfigure\debug\mfcfigure.tlog\rc.read.1.tlog
f:\users\stas\documents\github\mfcfigure\mfcfigure\debug\mfcfigure.tlog\rc.read.3.tlog
f:\users\stas\documents\github\mfcfigure\mfcfigure\debug\mfcfigure.tlog\rc.write.1.tlog
