Построение начато 08.04.2016 16:51:34.
     1>Проект "C:\Users\Students\Desktop\MFCFigure\MFCFigure\MFCFigure.vcxproj" в узле 2 (целевые объекты Build).
     1>ClCompile:
         C:\Program Files (x86)\Microsoft Visual Studio 11.0\VC\bin\CL.exe /c /ZI /nologo /W3 /WX- /Od /Oy- /D WIN32 /D _WINDOWS /D _DEBUG /D _UNICODE /D UNICODE /D _AFXDLL /Gm /EHsc /RTC1 /MDd /GS /fp:precise /Zc:wchar_t /Zc:forScope /Yc"stdafx.h" /Fp"Debug\MFCFigure.pch" /Fo"Debug\\" /Fd"Debug\vc110.pdb" /Gd /TP /analyze- /errorReport:prompt stdafx.cpp
         stdafx.cpp
         C:\Program Files (x86)\Microsoft Visual Studio 11.0\VC\bin\CL.exe /c /ZI /nologo /W3 /WX- /Od /Oy- /D WIN32 /D _WINDOWS /D _DEBUG /D _UNICODE /D UNICODE /D _AFXDLL /Gm /EHsc /RTC1 /MDd /GS /fp:precise /Zc:wchar_t /Zc:forScope /Yu"stdafx.h" /Fp"Debug\MFCFigure.pch" /Fo"Debug\\" /Fd"Debug\vc110.pdb" /Gd /TP /analyze- /errorReport:prompt ChildView.cpp MainFrm.cpp MFCFigure.cpp My2DObjectA6.cpp My2DPoint.cpp
         My2DPoint.cpp
         My2DObjectA6.cpp
         MFCFigure.cpp
         MainFrm.cpp
         ChildView.cpp
     1>c:\users\students\desktop\mfcfigure\mfcfigure\childview.cpp(75): warning C4018: <: несоответствие типов со знаком и без знака
         Создание кода...
       ResourceCompile:
         C:\Program Files (x86)\Windows Kits\8.0\bin\x86\rc.exe /D _DEBUG /D _UNICODE /D UNICODE /D _AFXDLL /l"0x0419" /IDebug\ /nologo /fo"Debug\MFCFigure.res" MFCFigure.rc 
       Link:
         C:\Program Files (x86)\Microsoft Visual Studio 11.0\VC\bin\link.exe /ERRORREPORT:PROMPT /OUT:"C:\Users\Students\Desktop\MFCFigure\Debug\MFCFigure.exe" /INCREMENTAL /NOLOGO /MANIFEST /MANIFESTUAC:"level='asInvoker' uiAccess='false'" /manifest:embed /manifestinput:"C:\Program Files (x86)\Microsoft Visual Studio 11.0\VC\Include\Manifest\dpiaware.manifest" /DEBUG /PDB:"C:\Users\Students\Desktop\MFCFigure\Debug\MFCFigure.pdb" /SUBSYSTEM:WINDOWS /TLBID:1 /ENTRY:"wWinMainCRTStartup" /DYNAMICBASE /NXCOMPAT /IMPLIB:"C:\Users\Students\Desktop\MFCFigure\Debug\MFCFigure.lib" /MACHINE:X86 Debug\MFCFigure.res
         Debug\ChildView.obj
         Debug\MainFrm.obj
         Debug\MFCFigure.obj
         Debug\My2DObjectA6.obj
         Debug\My2DPoint.obj
         Debug\stdafx.obj
         MFCFigure.vcxproj -> C:\Users\Students\Desktop\MFCFigure\Debug\MFCFigure.exe
     1>Построение проекта "C:\Users\Students\Desktop\MFCFigure\MFCFigure\MFCFigure.vcxproj" завершено (целевые объекты Build).

Построение успешно завершено.

Затраченное время: 00:00:10.55
